2022-08-17 09:56:54 INFO -CharsetFilter:20 - Do CharsetFilter
2022-08-17 09:56:54 INFO -LocalizationFilter:19 - Do LocalizationFilter
2022-08-17 09:56:54 INFO -CharsetFilter:20 - Do CharsetFilter
2022-08-17 09:56:54 INFO -LocalizationFilter:19 - Do LocalizationFilter
2022-08-17 09:56:56 INFO -CharsetFilter:20 - Do CharsetFilter
2022-08-17 09:56:56 INFO -LocalizationFilter:19 - Do LocalizationFilter
2022-08-17 09:56:57 INFO -CharsetFilter:20 - Do CharsetFilter
2022-08-17 09:56:57 INFO -LocalizationFilter:19 - Do LocalizationFilter
2022-08-17 09:57:02 INFO -CharsetFilter:20 - Do CharsetFilter
2022-08-17 09:57:02 INFO -LocalizationFilter:19 - Do LocalizationFilter
2022-08-17 09:57:02 INFO -RegisterValidateFilter:23 - Do SignInValidateFilter
2022-08-17 09:57:02 INFO -CharsetFilter:20 - Do CharsetFilter
2022-08-17 09:57:02 INFO -LocalizationFilter:19 - Do LocalizationFilter
2022-08-17 09:57:02 INFO -HelloAdminFilter:21 - Do HelloAdminFilter
2022-08-17 09:57:02 INFO -HelloAdminFilter:26 - s    :  admin
2022-08-17 09:57:05 INFO -CharsetFilter:20 - Do CharsetFilter
2022-08-17 09:57:05 INFO -LocalizationFilter:19 - Do LocalizationFilter
2022-08-17 09:57:05 INFO -ConnectionPool:30 - new connection
2022-08-17 09:57:05 INFO -CharsetFilter:20 - Do CharsetFilter
2022-08-17 09:57:05 INFO -LocalizationFilter:19 - Do LocalizationFilter
